# JRE version: Java(TM) SE Runtime Environment 18.9 (11.0.10+8) (build 11.0.10+8-LTS-162)
# Java VM: Java HotSpot(TM) 64-Bit Server VM 18.9 (11.0.10+8-LTS-162, mixed mode, tiered, compressed oops, parallel gc, windows-amd64)
Heap:
 PSYoungGen      total 23040K, used 70K [0x00000000eab00000, 0x00000000ec480000, 0x0000000100000000)
  eden space 20992K, 0% used [0x00000000eab00000,0x00000000eab11810,0x00000000ebf80000)
  from space 2048K, 0% used [0x00000000ec080000,0x00000000ec080000,0x00000000ec280000)
  to   space 1536K, 0% used [0x00000000ec300000,0x00000000ec300000,0x00000000ec480000)
 ParOldGen       total 68608K, used 22694K [0x00000000c0000000, 0x00000000c4300000, 0x00000000eab00000)
  object space 68608K, 33% used [0x00000000c0000000,0x00000000c16298c8,0x00000000c4300000)
 Metaspace       used 33737K, capacity 35347K, committed 35416K, reserved 1081344K
  class space    used 3130K, capacity 3686K, committed 3712K, reserved 1048576K
GC Heap History (10 events):
Event: 4.840 GC heap before
{Heap before GC invocations=11 (full 1):
 PSYoungGen      total 27136K, used 26963K [0x00000000eab00000, 0x00000000ecd80000, 0x0000000100000000)
  eden space 20992K, 100% used [0x00000000eab00000,0x00000000ebf80000,0x00000000ebf80000)
  from space 6144K, 97% used [0x00000000ebf80000,0x00000000ec554eb8,0x00000000ec580000)
  to   space 7168K, 0% used [0x00000000ec680000,0x00000000ec680000,0x00000000ecd80000)
 ParOldGen       total 68608K, used 13595K [0x00000000c0000000, 0x00000000c4300000, 0x00000000eab00000)
  object space 68608K, 19% used [0x00000000c0000000,0x00000000c0d46f60,0x00000000c4300000)
 Metaspace       used 31357K, capacity 33043K, committed 33280K, reserved 1079296K
  class space    used 2976K, capacity 3533K, committed 3584K, reserved 1048576K
}
Event: 4.865 GC heap after
{Heap after GC invocations=11 (full 1):
 PSYoungGen      total 25088K, used 3872K [0x00000000eab00000, 0x00000000eca80000, 0x0000000100000000)
  eden space 20992K, 0% used [0x00000000eab00000,0x00000000eab00000,0x00000000ebf80000)
  from space 4096K, 94% used [0x00000000ec680000,0x00000000eca48010,0x00000000eca80000)
  to   space 5120K, 0% used [0x00000000ec080000,0x00000000ec080000,0x00000000ec580000)
 ParOldGen       total 68608K, used 17562K [0x00000000c0000000, 0x00000000c4300000, 0x00000000eab00000)
  object space 68608K, 25% used [0x00000000c0000000,0x00000000c1126980,0x00000000c4300000)
 Metaspace       used 31357K, capacity 33043K, committed 33280K, reserved 1079296K
  class space    used 2976K, capacity 3533K, committed 3584K, reserved 1048576K
}
Event: 4.917 GC heap before
{Heap before GC invocations=12 (full 1):
 PSYoungGen      total 25088K, used 24864K [0x00000000eab00000, 0x00000000eca80000, 0x0000000100000000)
  eden space 20992K, 100% used [0x00000000eab00000,0x00000000ebf80000,0x00000000ebf80000)
  from space 4096K, 94% used [0x00000000ec680000,0x00000000eca48010,0x00000000eca80000)
  to   space 5120K, 0% used [0x00000000ec080000,0x00000000ec080000,0x00000000ec580000)
 ParOldGen       total 68608K, used 17562K [0x00000000c0000000, 0x00000000c4300000, 0x00000000eab00000)
  object space 68608K, 25% used [0x00000000c0000000,0x00000000c1126980,0x00000000c4300000)
 Metaspace       used 31357K, capacity 33043K, committed 33280K, reserved 1079296K
  class space    used 2976K, capacity 3533K, committed 3584K, reserved 1048576K
}
Event: 4.928 GC heap after
{Heap after GC invocations=12 (full 1):
 PSYoungGen      total 23040K, used 1728K [0x00000000eab00000, 0x00000000ec700000, 0x0000000100000000)
  eden space 20992K, 0% used [0x00000000eab00000,0x00000000eab00000,0x00000000ebf80000)
  from space 2048K, 84% used [0x00000000ec080000,0x00000000ec230000,0x00000000ec280000)
  to   space 3072K, 0% used [0x00000000ec400000,0x00000000ec400000,0x00000000ec700000)
 ParOldGen       total 68608K, used 21408K [0x00000000c0000000, 0x00000000c4300000, 0x00000000eab00000)
  object space 68608K, 31% used [0x00000000c0000000,0x00000000c14e8210,0x00000000c4300000)
 Metaspace       used 31357K, capacity 33043K, committed 33280K, reserved 1079296K
  class space    used 2976K, capacity 3533K, committed 3584K, reserved 1048576K
}
Event: 6.949 GC heap before
{Heap before GC invocations=13 (full 1):
 PSYoungGen      total 23040K, used 22720K [0x00000000eab00000, 0x00000000ec700000, 0x0000000100000000)
  eden space 20992K, 100% used [0x00000000eab00000,0x00000000ebf80000,0x00000000ebf80000)
  from space 2048K, 84% used [0x00000000ec080000,0x00000000ec230000,0x00000000ec280000)
  to   space 3072K, 0% used [0x00000000ec400000,0x00000000ec400000,0x00000000ec700000)
 ParOldGen       total 68608K, used 21408K [0x00000000c0000000, 0x00000000c4300000, 0x00000000eab00000)
  object space 68608K, 31% used [0x00000000c0000000,0x00000000c14e8210,0x00000000c4300000)
 Metaspace       used 32451K, capacity 34034K, committed 34176K, reserved 1079296K
  class space    used 3050K, capacity 3590K, committed 3712K, reserved 1048576K
}
Event: 6.956 GC heap after
{Heap after GC invocations=13 (full 1):
 PSYoungGen      total 23040K, used 1952K [0x00000000eab00000, 0x00000000ec600000, 0x0000000100000000)
  eden space 20992K, 0% used [0x00000000eab00000,0x00000000eab00000,0x00000000ebf80000)
  from space 2048K, 95% used [0x00000000ec400000,0x00000000ec5e8000,0x00000000ec600000)
  to   space 2048K, 0% used [0x00000000ec080000,0x00000000ec080000,0x00000000ec280000)
 ParOldGen       total 68608K, used 23077K [0x00000000c0000000, 0x00000000c4300000, 0x00000000eab00000)
  object space 68608K, 33% used [0x00000000c0000000,0x00000000c1689568,0x00000000c4300000)
 Metaspace       used 32451K, capacity 34034K, committed 34176K, reserved 1079296K
  class space    used 3050K, capacity 3590K, committed 3712K, reserved 1048576K
}
Event: 7.114 GC heap before
{Heap before GC invocations=14 (full 1):
 PSYoungGen      total 23040K, used 11818K [0x00000000eab00000, 0x00000000ec600000, 0x0000000100000000)
  eden space 20992K, 47% used [0x00000000eab00000,0x00000000eb4a2a98,0x00000000ebf80000)
  from space 2048K, 95% used [0x00000000ec400000,0x00000000ec5e8000,0x00000000ec600000)
  to   space 2048K, 0% used [0x00000000ec080000,0x00000000ec080000,0x00000000ec280000)
 ParOldGen       total 68608K, used 23077K [0x00000000c0000000, 0x00000000c4300000, 0x00000000eab00000)
  object space 68608K, 33% used [0x00000000c0000000,0x00000000c1689568,0x00000000c4300000)
 Metaspace       used 33736K, capacity 35347K, committed 35416K, reserved 1081344K
  class space    used 3130K, capacity 3686K, committed 3712K, reserved 1048576K
}
Event: 7.119 GC heap after
{Heap after GC invocations=14 (full 1):
 PSYoungGen      total 23040K, used 869K [0x00000000eab00000, 0x00000000ec480000, 0x0000000100000000)
  eden space 20992K, 0% used [0x00000000eab00000,0x00000000eab00000,0x00000000ebf80000)
  from space 2048K, 42% used [0x00000000ec080000,0x00000000ec159520,0x00000000ec280000)
  to   space 1536K, 0% used [0x00000000ec300000,0x00000000ec300000,0x00000000ec480000)
 ParOldGen       total 68608K, used 24911K [0x00000000c0000000, 0x00000000c4300000, 0x00000000eab00000)
  object space 68608K, 36% used [0x00000000c0000000,0x00000000c1853f10,0x00000000c4300000)
 Metaspace       used 33736K, capacity 35347K, committed 35416K, reserved 1081344K
  class space    used 3130K, capacity 3686K, committed 3712K, reserved 1048576K
}
Event: 7.119 GC heap before
{Heap before GC invocations=15 (full 2):
 PSYoungGen      total 23040K, used 869K [0x00000000eab00000, 0x00000000ec480000, 0x0000000100000000)
  eden space 20992K, 0% used [0x00000000eab00000,0x00000000eab00000,0x00000000ebf80000)
  from space 2048K, 42% used [0x00000000ec080000,0x00000000ec159520,0x00000000ec280000)
  to   space 1536K, 0% used [0x00000000ec300000,0x00000000ec300000,0x00000000ec480000)
 ParOldGen       total 68608K, used 24911K [0x00000000c0000000, 0x00000000c4300000, 0x00000000eab00000)
  object space 68608K, 36% used [0x00000000c0000000,0x00000000c1853f10,0x00000000c4300000)
 Metaspace       used 33736K, capacity 35347K, committed 35416K, reserved 1081344K
  class space    used 3130K, capacity 3686K, committed 3712K, reserved 1048576K
}
Event: 7.237 GC heap after
{Heap after GC invocations=15 (full 2):
 PSYoungGen      total 23040K, used 0K [0x00000000eab00000, 0x00000000ec480000, 0x0000000100000000)
  eden space 20992K, 0% used [0x00000000eab00000,0x00000000eab00000,0x00000000ebf80000)
  from space 2048K, 0% used [0x00000000ec080000,0x00000000ec080000,0x00000000ec280000)
  to   space 1536K, 0% used [0x00000000ec300000,0x00000000ec300000,0x00000000ec480000)
 ParOldGen       total 68608K, used 22694K [0x00000000c0000000, 0x00000000c4300000, 0x00000000eab00000)
  object space 68608K, 33% used [0x00000000c0000000,0x00000000c16298c8,0x00000000c4300000)
 Metaspace       used 33736K, capacity 35347K, committed 35416K, reserved 1081344K
  class space    used 3130K, capacity 3686K, committed 3712K, reserved 1048576K
}

